<?xml version="1.0" encoding="UTF-8"?>
<!-- Generated by org.testng.reporters.JUnitReportReporter -->
<testsuite hostname="MEGHA-PC" name="com.Start.Basics" tests="1" failures="0" timestamp="10 Apr 2020 09:04:04 GMT" time="2.373" errors="0">
  <testcase name="test_03" time="2.373" classname="com.Start.Basics"/>
</testsuite> <!-- com.Start.Basics -->
