<?xml version="1.0" encoding="UTF-8"?>
<!-- Generated by org.testng.reporters.JUnitReportReporter -->
<testsuite hostname="MEGHA-PC" name="com.Start.Post.Test01_Post" tests="1" failures="0" timestamp="5 Apr 2020 05:28:10 GMT" time="3.046" errors="0">
  <testcase name="test2_post" time="3.046" classname="com.Start.Post.Test01_Post"/>
</testsuite> <!-- com.Start.Post.Test01_Post -->
