<?xml version="1.0" encoding="UTF-8"?>
<!-- Generated by org.testng.reporters.JUnitReportReporter -->
<testsuite hostname="MEGHA-PC" name="com.Start.Test2_Get" tests="1" failures="0" timestamp="4 Apr 2020 10:37:39 GMT" time="3.246" errors="0">
  <testcase name="Test_1" time="3.246" classname="com.Start.Test2_Get"/>
</testsuite> <!-- com.Start.Test2_Get -->
