<?xml version="1.0" encoding="UTF-8"?>
<!-- Generated by org.testng.reporters.JUnitReportReporter -->
<testsuite hostname="MEGHA-PC" name="com.AddBook.Advance" tests="1" failures="0" timestamp="15 Apr 2020 07:16:30 GMT" time="2.573" errors="0">
  <testcase name="AddBook" time="2.573" classname="com.AddBook.Advance"/>
</testsuite> <!-- com.AddBook.Advance -->
