<?xml version="1.0" encoding="UTF-8"?>
<!-- Generated by org.testng.reporters.JUnitReportReporter -->
<testsuite hostname="MEGHA-PC" name="com.Start.Delete.Test01_Delete" tests="1" failures="0" timestamp="4 Apr 2020 14:47:53 GMT" time="2.721" errors="0">
  <testcase name="delete" time="2.721" classname="com.Start.Delete.Test01_Delete"/>
</testsuite> <!-- com.Start.Delete.Test01_Delete -->
