<?xml version="1.0" encoding="UTF-8"?>
<!-- Generated by org.testng.reporters.JUnitReportReporter -->
<testsuite hostname="MEGHA-PC" name="com.Advance.Advance" tests="1" failures="0" timestamp="11 Apr 2020 05:01:42 GMT" time="2.999" errors="0">
  <testcase name="AddAndDelete" time="2.999" classname="com.Advance.Advance"/>
</testsuite> <!-- com.Advance.Advance -->
