<?xml version="1.0" encoding="UTF-8"?>
<!-- Generated by org.testng.reporters.JUnitReportReporter -->
<testsuite hostname="MEGHA-PC" name="com.Start.Put.Test01_Put" tests="1" failures="0" timestamp="4 Apr 2020 14:40:23 GMT" time="2.591" errors="0">
  <testcase name="test01_put" time="2.591" classname="com.Start.Put.Test01_Put"/>
</testsuite> <!-- com.Start.Put.Test01_Put -->
