<?xml version="1.0" encoding="UTF-8"?>
<!-- Generated by org.testng.reporters.JUnitReportReporter -->
<testsuite hostname="MEGHA-PC" name="com.Advance.ParseJSON" tests="1" failures="0" timestamp="14 Apr 2020 07:06:54 GMT" time="7.325" errors="0">
  <testcase name="test_01" time="7.325" classname="com.Advance.ParseJSON"/>
</testsuite> <!-- com.Advance.ParseJSON -->
