<?xml version="1.0" encoding="UTF-8"?>
<!-- Generated by org.testng.reporters.JUnitReportReporter -->
<testsuite hostname="MEGHA-PC" name="com.Start.Test1_Get" tests="2" failures="0" timestamp="4 Apr 2020 10:28:37 GMT" time="4.852" errors="0">
  <testcase name="test_02" time="2.312" classname="com.Start.Test1_Get"/>
  <testcase name="test_01" time="2.540" classname="com.Start.Test1_Get"/>
</testsuite> <!-- com.Start.Test1_Get -->
