<?xml version="1.0" encoding="UTF-8"?>
<!-- Generated by org.testng.reporters.JUnitReportReporter -->
<testsuite hostname="MEGHA-PC" name="com.Start.Patch.Test01_Patch" tests="1" failures="0" timestamp="4 Apr 2020 14:44:08 GMT" time="2.848" errors="0">
  <testcase name="test01_patch" time="2.848" classname="com.Start.Patch.Test01_Patch"/>
</testsuite> <!-- com.Start.Patch.Test01_Patch -->
