<?xml version="1.0" encoding="UTF-8"?>
<!-- Generated by org.testng.reporters.JUnitReportReporter -->
<testsuite hostname="MEGHA-PC" name="com.Advance.LogFunction" tests="1" failures="0" timestamp="14 Apr 2020 08:12:17 GMT" time="2.395" errors="0">
  <testcase name="test_01" time="2.395" classname="com.Advance.LogFunction"/>
</testsuite> <!-- com.Advance.LogFunction -->
